===== 2025-11-09 08:46 =====
From github.com:hutchybop/horse-racing-game
   e9bd84d..eb189cf  main       -> origin/main
Updating e9bd84d..eb189cf
Fast-forward
 races_scraper/races_scraper.py | 4 +++-
 1 file changed, 3 insertions(+), 1 deletion(-)
[main c434a51] run races_scraper.py
 2 files changed, 54 insertions(+)
 create mode 100644 push.log

===== 2025-11-09 09:30 =====
From github.com:hutchybop/horse-racing-game
   c434a51..4200cb4  main       -> origin/main
Updating c434a51..4200cb4
Fast-forward
 races_scraper/races_scraper.log | 24 ++++++++++++++++++++++++
 races_scraper/races_scraper.py  | 16 +++++++++++-----
 2 files changed, 35 insertions(+), 5 deletions(-)
[main db1c1cf] run races_scraper.py
 2 files changed, 55 insertions(+)
To github.com:hutchybop/horse-racing-game.git
   4200cb4..db1c1cf  main -> main

===== 2025-11-09 09:34 =====
---git pull---
Already up to date.

